<?xml version="1.0" encoding="UTF-8"?>
<testsuite xmlns:xsi="http://www.w3.org/2001/XMLSchema-instance" xsi:noNamespaceSchemaLocation="https://maven.apache.org/surefire/maven-surefire-plugin/xsd/surefire-test-report.xsd" name="com.examly.springapp.CricketerTest" time="9.117" tests="22" errors="1" skipped="0" failures="0">
  <properties>
[...]
</properties>
  <testcase name="PlayerClass" classname="com.examly.springapp.CricketerTest" time="0.162"/>
  <testcase name="UserClass" classname="com.examly.springapp.CricketerTest" time="0.004"/>
  <testcase name="UserClassRepo" classname="com.examly.springapp.CricketerTest" time="0.003"/>
  <testcase name="AdminControllerFile" classname="com.examly.springapp.CricketerTest" time="0.002"/>
  <testcase name="UserControllerFile" classname="com.examly.springapp.CricketerTest" time="0.002"/>
  <testcase name="GetallPlayerList" classname="com.examly.springapp.CricketerTest" time="0.385"/>
  <testcase name="GetallPlayerWithTeam" classname="com.examly.springapp.CricketerTest" time="0.04">
    <error message="Request processing failed; nested exception is java.util.NoSuchElementException: Player is empty" type="org.springframework.web.util.NestedServletException">org.springframework.web.util.NestedServletException: Request processing failed; nested exception is java.util.NoSuchElementException: Player is empty
	at com.examly.springapp.CricketerTest.GetallPlayerWithTeam(CricketerTest.java:181)
Caused by: java.util.NoSuchElementException: Player is empty
	at com.examly.springapp.CricketerTest.GetallPlayerWithTeam(CricketerTest.java:181)
</error>
    <system-out><![CDATA[Hibernate: select player0_.id as id1_0_, player0_.age as age2_0_, player0_.bidding_price as bidding_3_0_, player0_.category as category4_0_, player0_.email as email5_0_, player0_.name as name6_0_, player0_.sold as sold7_0_, player0_.team_id as team_id8_0_ from player player0_
]]></system-out>
  </testcase>
  <testcase name="SpringSecurity" classname="com.examly.springapp.CricketerTest" time="0.004"/>
  <testcase name="Controllerfolder" classname="com.examly.springapp.CricketerTest" time="0.003"/>
  <testcase name="SpringRegisterUser" classname="com.examly.springapp.CricketerTest" time="0.302"/>
  <testcase name="Playeradd" classname="com.examly.springapp.CricketerTest" time="0.037"/>
  <testcase name="Teamadd" classname="com.examly.springapp.CricketerTest" time="0.024"/>
  <testcase name="GetallTeam" classname="com.examly.springapp.CricketerTest" time="0.029"/>
  <testcase name="GetallUnsoldPlayer" classname="com.examly.springapp.CricketerTest" time="0.048"/>
  <testcase name="TeamClassRepo" classname="com.examly.springapp.CricketerTest" time="0"/>
  <testcase name="Configfolder" classname="com.examly.springapp.CricketerTest" time="0.003"/>
  <testcase name="TeamControllerFile" classname="com.examly.springapp.CricketerTest" time="0.002"/>
  <testcase name="GetallSoldPlayer" classname="com.examly.springapp.CricketerTest" time="0.023"/>
  <testcase name="PlayerClassRepo" classname="com.examly.springapp.CricketerTest" time="0"/>
  <testcase name="TestFieldExistence" classname="com.examly.springapp.CricketerTest" time="0"/>
  <testcase name="Springssecurity" classname="com.examly.springapp.CricketerTest" time="0.007"/>
  <testcase name="TeamClass" classname="com.examly.springapp.CricketerTest" time="0.003"/>
</testsuite>